[debug] [2021-12-19T18:04:24.136Z] ----------------------------------------------------------------------
[debug] [2021-12-19T18:04:24.139Z] Command:       /usr/local/bin/node /usr/local/bin/firebase init
[debug] [2021-12-19T18:04:24.140Z] CLI Version:   9.23.3
[debug] [2021-12-19T18:04:24.140Z] Platform:      darwin
[debug] [2021-12-19T18:04:24.140Z] Node Version:  v14.17.1
[debug] [2021-12-19T18:04:24.142Z] Time:          Mon Dec 20 2021 00:04:24 GMT+0600 (Bangladesh Standard Time)
[debug] [2021-12-19T18:04:24.143Z] ----------------------------------------------------------------------
[debug] 
[debug] [2021-12-19T18:04:24.222Z] > command requires scopes: ["email","openid","https://www.googleapis.com/auth/cloudplatformprojects.readonly","https://www.googleapis.com/auth/firebase","https://www.googleapis.com/auth/cloud-platform"]
[debug] [2021-12-19T18:04:24.223Z] > authorizing via signed-in user (dipto5russow@gmail.com)
[info] 
     ######## #### ########  ######## ########     ###     ######  ########
     ##        ##  ##     ## ##       ##     ##  ##   ##  ##       ##
     ######    ##  ########  ######   ########  #########  ######  ######
     ##        ##  ##    ##  ##       ##     ## ##     ##       ## ##
     ##       #### ##     ## ######## ########  ##     ##  ######  ########

You're about to initialize a Firebase project in this directory:

  /Users/diptarussow/Tutorials/SCIC/project-1/mercury-car-services-client-side

Before we get started, keep in mind:

  * You are initializing within an existing Firebase project directory

[info] 
=== Project Setup
[info] 
[info] First, let's associate this project directory with a Firebase project.
[info] You can create multiple project aliases by running firebase use --add, 
[info] but for now we'll just set up a default project.
[info] 
[debug] [2021-12-19T18:04:35.758Z] Using project from CLI flag: mercury-car-services
[debug] [2021-12-19T18:04:35.762Z] > refreshing access token with scopes: []
[debug] [2021-12-19T18:04:35.763Z] >>> HTTP REQUEST POST https://www.googleapis.com/oauth2/v3/token  
 <request body omitted>
[debug] [2021-12-19T18:04:36.331Z] <<< HTTP RESPONSE 200 {"date":"Sun, 19 Dec 2021 18:04:36 GMT","expires":"Mon, 01 Jan 1990 00:00:00 GMT","pragma":"no-cache","cache-control":"no-cache, no-store, max-age=0, must-revalidate","content-type":"application/json; charset=utf-8","vary":"X-Origin, Referer, Origin,Accept-Encoding","server":"scaffolding on HTTPServer2","x-xss-protection":"0","x-frame-options":"SAMEORIGIN","x-content-type-options":"nosniff","alt-svc":"h3=\":443\"; ma=2592000,h3-29=\":443\"; ma=2592000,h3-Q050=\":443\"; ma=2592000,h3-Q046=\":443\"; ma=2592000,h3-Q043=\":443\"; ma=2592000,quic=\":443\"; ma=2592000; v=\"46,43\"","accept-ranges":"none","transfer-encoding":"chunked"}
[debug] [2021-12-19T18:04:36.374Z] >>> [apiv2][query] GET https://firebase.googleapis.com/v1beta1/projects/mercury-car-services [none]
[debug] [2021-12-19T18:04:37.052Z] <<< [apiv2][status] GET https://firebase.googleapis.com/v1beta1/projects/mercury-car-services 200
[debug] [2021-12-19T18:04:37.052Z] <<< [apiv2][body] GET https://firebase.googleapis.com/v1beta1/projects/mercury-car-services {"projectId":"mercury-car-services","projectNumber":"414795088742","displayName":"mercury-car-services","name":"projects/mercury-car-services","resources":{"hostingSite":"mercury-car-services"},"state":"ACTIVE"}
[info] i  Using project mercury-car-services (mercury-car-services) 
[info] 
=== Hosting Setup
[info] 
[info] Your public directory is the folder (relative to your project directory) that
[info] will contain Hosting assets to be uploaded with firebase deploy. If you
[info] have a build process for your assets, use your build's output directory.
[info] 
